2025-10-18 11:31:19,808 INFO Deleting snapshot /home/nacos/data/protocol/raft/naming_instance_metadata/snapshot/snapshot_1.

2025-10-18 11:31:19,818 INFO Renaming /home/nacos/data/protocol/raft/naming_instance_metadata/snapshot/temp to /home/nacos/data/protocol/raft/naming_instance_metadata/snapshot/snapshot_1.

2025-10-18 11:31:58,622 INFO Deleting snapshot /home/nacos/data/protocol/raft/naming_persistent_service_v2/snapshot/snapshot_1.

2025-10-18 11:31:58,623 INFO Renaming /home/nacos/data/protocol/raft/naming_persistent_service_v2/snapshot/temp to /home/nacos/data/protocol/raft/naming_persistent_service_v2/snapshot/snapshot_1.

2025-10-18 11:36:00,603 INFO Deleting snapshot /home/nacos/data/protocol/raft/naming_persistent_service/snapshot/snapshot_1.

2025-10-18 11:36:00,604 INFO Renaming /home/nacos/data/protocol/raft/naming_persistent_service/snapshot/temp to /home/nacos/data/protocol/raft/naming_persistent_service/snapshot/snapshot_1.

2025-10-18 11:38:25,886 INFO Deleting snapshot /home/nacos/data/protocol/raft/lock_acquire_service_v2/snapshot/snapshot_1.

2025-10-18 11:38:25,888 INFO Renaming /home/nacos/data/protocol/raft/lock_acquire_service_v2/snapshot/temp to /home/nacos/data/protocol/raft/lock_acquire_service_v2/snapshot/snapshot_1.

2025-10-18 11:42:28,864 INFO Deleting snapshot /home/nacos/data/protocol/raft/naming_service_metadata/snapshot/snapshot_1.

2025-10-18 11:42:28,866 INFO Renaming /home/nacos/data/protocol/raft/naming_service_metadata/snapshot/temp to /home/nacos/data/protocol/raft/naming_service_metadata/snapshot/snapshot_1.

2025-10-18 12:01:19,594 INFO Truncated prefix logs in data path: /home/nacos/data/protocol/raft/naming_instance_metadata/log from log index 1 to 2, cost 1 ms.

2025-10-18 12:01:58,467 INFO Truncated prefix logs in data path: /home/nacos/data/protocol/raft/naming_persistent_service_v2/log from log index 1 to 2, cost 2 ms.

2025-10-18 12:06:00,352 INFO Truncated prefix logs in data path: /home/nacos/data/protocol/raft/naming_persistent_service/log from log index 1 to 2, cost 1 ms.

2025-10-18 12:08:25,718 INFO Truncated prefix logs in data path: /home/nacos/data/protocol/raft/lock_acquire_service_v2/log from log index 1 to 2, cost 1 ms.

2025-10-18 12:12:28,702 INFO Truncated prefix logs in data path: /home/nacos/data/protocol/raft/naming_service_metadata/log from log index 1 to 2, cost 1 ms.

2025-10-18 12:31:19,478 INFO Truncated prefix logs in data path: /home/nacos/data/protocol/raft/naming_instance_metadata/log from log index 2 to 2, cost 1 ms.

2025-10-18 12:31:58,342 INFO Truncated prefix logs in data path: /home/nacos/data/protocol/raft/naming_persistent_service_v2/log from log index 2 to 2, cost 1 ms.

2025-10-18 12:36:00,252 INFO Truncated prefix logs in data path: /home/nacos/data/protocol/raft/naming_persistent_service/log from log index 2 to 2, cost 1 ms.

2025-10-18 12:38:25,646 INFO Truncated prefix logs in data path: /home/nacos/data/protocol/raft/lock_acquire_service_v2/log from log index 2 to 2, cost 1 ms.

2025-10-18 12:42:28,604 INFO Truncated prefix logs in data path: /home/nacos/data/protocol/raft/naming_service_metadata/log from log index 2 to 2, cost 1 ms.

2025-10-18 13:01:19,389 INFO Truncated prefix logs in data path: /home/nacos/data/protocol/raft/naming_instance_metadata/log from log index 2 to 2, cost 1 ms.

2025-10-18 13:01:58,254 INFO Truncated prefix logs in data path: /home/nacos/data/protocol/raft/naming_persistent_service_v2/log from log index 2 to 2, cost 0 ms.

2025-10-18 13:06:00,163 INFO Truncated prefix logs in data path: /home/nacos/data/protocol/raft/naming_persistent_service/log from log index 2 to 2, cost 1 ms.

2025-10-18 13:08:25,545 INFO Truncated prefix logs in data path: /home/nacos/data/protocol/raft/lock_acquire_service_v2/log from log index 2 to 2, cost 1 ms.

2025-10-18 13:12:28,522 INFO Truncated prefix logs in data path: /home/nacos/data/protocol/raft/naming_service_metadata/log from log index 2 to 2, cost 1 ms.

