2025-10-18 11:20:28,941 INFO PERFORMANCE:|0|0|0|-1|-1|0|0

2025-10-18 11:20:28,954 INFO Task worker status: 
naming_0%8, pending tasks: 0
naming_1%8, pending tasks: 0
naming_2%8, pending tasks: 0
naming_3%8, pending tasks: 0
naming_4%8, pending tasks: 0
naming_5%8, pending tasks: 0
naming_6%8, pending tasks: 0
naming_7%8, pending tasks: 0


2025-10-18 11:20:28,954 INFO DISTRO:|0|0|0|

2025-10-18 11:21:28,947 INFO PERFORMANCE:|0|0|0|-1|-1|0|0

2025-10-18 11:21:28,948 INFO Task worker status: 
naming_0%8, pending tasks: 0
naming_1%8, pending tasks: 0
naming_2%8, pending tasks: 0
naming_3%8, pending tasks: 0
naming_4%8, pending tasks: 0
naming_5%8, pending tasks: 0
naming_6%8, pending tasks: 0
naming_7%8, pending tasks: 0


2025-10-18 11:21:28,948 INFO DISTRO:|0|0|0|

2025-10-18 11:22:28,943 INFO PERFORMANCE:|0|0|0|-1|-1|0|0

2025-10-18 11:22:28,943 INFO Task worker status: 
naming_0%8, pending tasks: 0
naming_1%8, pending tasks: 0
naming_2%8, pending tasks: 0
naming_3%8, pending tasks: 0
naming_4%8, pending tasks: 0
naming_5%8, pending tasks: 0
naming_6%8, pending tasks: 0
naming_7%8, pending tasks: 0


2025-10-18 11:22:28,943 INFO DISTRO:|0|0|0|

2025-10-18 11:23:28,938 INFO PERFORMANCE:|0|0|0|-1|-1|0|0

2025-10-18 11:23:28,941 INFO Task worker status: 
naming_0%8, pending tasks: 0
naming_1%8, pending tasks: 0
naming_2%8, pending tasks: 0
naming_3%8, pending tasks: 0
naming_4%8, pending tasks: 0
naming_5%8, pending tasks: 0
naming_6%8, pending tasks: 0
naming_7%8, pending tasks: 0


2025-10-18 11:23:28,943 INFO DISTRO:|0|0|0|

2025-10-18 11:24:28,948 INFO PERFORMANCE:|0|0|0|-1|-1|0|0

2025-10-18 11:24:28,948 INFO Task worker status: 
naming_0%8, pending tasks: 0
naming_1%8, pending tasks: 0
naming_2%8, pending tasks: 0
naming_3%8, pending tasks: 0
naming_4%8, pending tasks: 0
naming_5%8, pending tasks: 0
naming_6%8, pending tasks: 0
naming_7%8, pending tasks: 0


2025-10-18 11:24:28,948 INFO DISTRO:|0|0|0|

2025-10-18 11:25:28,943 INFO PERFORMANCE:|serviceCount|ipCount|subscribeCount|maxPushCost|avgPushCost|totalPushCount|failPushCount

2025-10-18 11:25:28,943 INFO DISTRO:|V1SyncDone|V1SyncFail|V2SyncDone|V2SyncFail|V2VerifyFail|

2025-10-18 11:25:28,944 INFO PERFORMANCE:|0|0|0|-1|-1|0|0

2025-10-18 11:25:28,944 INFO Task worker status: 
naming_0%8, pending tasks: 0
naming_1%8, pending tasks: 0
naming_2%8, pending tasks: 0
naming_3%8, pending tasks: 0
naming_4%8, pending tasks: 0
naming_5%8, pending tasks: 0
naming_6%8, pending tasks: 0
naming_7%8, pending tasks: 0


2025-10-18 11:25:28,945 INFO DISTRO:|0|0|0|

2025-10-18 11:26:28,940 INFO PERFORMANCE:|0|0|0|-1|-1|0|0

2025-10-18 11:26:28,940 INFO Task worker status: 
naming_0%8, pending tasks: 0
naming_1%8, pending tasks: 0
naming_2%8, pending tasks: 0
naming_3%8, pending tasks: 0
naming_4%8, pending tasks: 0
naming_5%8, pending tasks: 0
naming_6%8, pending tasks: 0
naming_7%8, pending tasks: 0


2025-10-18 11:26:28,941 INFO DISTRO:|0|0|0|

2025-10-18 11:27:28,935 INFO PERFORMANCE:|0|0|0|-1|-1|0|0

2025-10-18 11:27:28,936 INFO Task worker status: 
naming_0%8, pending tasks: 0
naming_1%8, pending tasks: 0
naming_2%8, pending tasks: 0
naming_3%8, pending tasks: 0
naming_4%8, pending tasks: 0
naming_5%8, pending tasks: 0
naming_6%8, pending tasks: 0
naming_7%8, pending tasks: 0


2025-10-18 11:27:28,936 INFO DISTRO:|0|0|0|

2025-10-18 11:28:28,931 INFO PERFORMANCE:|0|0|0|-1|-1|0|0

2025-10-18 11:28:28,931 INFO Task worker status: 
naming_0%8, pending tasks: 0
naming_1%8, pending tasks: 0
naming_2%8, pending tasks: 0
naming_3%8, pending tasks: 0
naming_4%8, pending tasks: 0
naming_5%8, pending tasks: 0
naming_6%8, pending tasks: 0
naming_7%8, pending tasks: 0


2025-10-18 11:28:28,932 INFO DISTRO:|0|0|0|

2025-10-18 11:29:28,926 INFO PERFORMANCE:|0|0|0|-1|-1|0|0

2025-10-18 11:29:28,927 INFO Task worker status: 
naming_0%8, pending tasks: 0
naming_1%8, pending tasks: 0
naming_2%8, pending tasks: 0
naming_3%8, pending tasks: 0
naming_4%8, pending tasks: 0
naming_5%8, pending tasks: 0
naming_6%8, pending tasks: 0
naming_7%8, pending tasks: 0


2025-10-18 11:29:28,927 INFO DISTRO:|0|0|0|

2025-10-18 11:30:28,923 INFO PERFORMANCE:|0|0|0|-1|-1|0|0

2025-10-18 11:30:28,924 INFO Task worker status: 
naming_0%8, pending tasks: 0
naming_1%8, pending tasks: 0
naming_2%8, pending tasks: 0
naming_3%8, pending tasks: 0
naming_4%8, pending tasks: 0
naming_5%8, pending tasks: 0
naming_6%8, pending tasks: 0
naming_7%8, pending tasks: 0


2025-10-18 11:30:28,924 INFO DISTRO:|0|0|0|

2025-10-18 11:31:28,919 INFO PERFORMANCE:|0|0|0|-1|-1|0|0

2025-10-18 11:31:28,920 INFO Task worker status: 
naming_0%8, pending tasks: 0
naming_1%8, pending tasks: 0
naming_2%8, pending tasks: 0
naming_3%8, pending tasks: 0
naming_4%8, pending tasks: 0
naming_5%8, pending tasks: 0
naming_6%8, pending tasks: 0
naming_7%8, pending tasks: 0


2025-10-18 11:31:28,920 INFO DISTRO:|0|0|0|

2025-10-18 11:32:28,916 INFO PERFORMANCE:|0|0|0|-1|-1|0|0

2025-10-18 11:32:28,916 INFO Task worker status: 
naming_0%8, pending tasks: 0
naming_1%8, pending tasks: 0
naming_2%8, pending tasks: 0
naming_3%8, pending tasks: 0
naming_4%8, pending tasks: 0
naming_5%8, pending tasks: 0
naming_6%8, pending tasks: 0
naming_7%8, pending tasks: 0


2025-10-18 11:32:28,917 INFO DISTRO:|0|0|0|

2025-10-18 11:33:28,913 INFO PERFORMANCE:|0|0|0|-1|-1|0|0

2025-10-18 11:33:28,953 INFO Task worker status: 
naming_0%8, pending tasks: 0
naming_1%8, pending tasks: 0
naming_2%8, pending tasks: 0
naming_3%8, pending tasks: 0
naming_4%8, pending tasks: 0
naming_5%8, pending tasks: 0
naming_6%8, pending tasks: 0
naming_7%8, pending tasks: 0


2025-10-18 11:33:29,222 INFO DISTRO:|0|0|0|

2025-10-18 11:34:29,324 INFO PERFORMANCE:|0|0|0|-1|-1|0|0

2025-10-18 11:34:29,327 INFO Task worker status: 
naming_0%8, pending tasks: 0
naming_1%8, pending tasks: 0
naming_2%8, pending tasks: 0
naming_3%8, pending tasks: 0
naming_4%8, pending tasks: 0
naming_5%8, pending tasks: 0
naming_6%8, pending tasks: 0
naming_7%8, pending tasks: 0


2025-10-18 11:34:29,338 INFO DISTRO:|0|0|0|

2025-10-18 11:35:29,340 INFO PERFORMANCE:|serviceCount|ipCount|subscribeCount|maxPushCost|avgPushCost|totalPushCount|failPushCount

2025-10-18 11:35:29,340 INFO DISTRO:|V1SyncDone|V1SyncFail|V2SyncDone|V2SyncFail|V2VerifyFail|

2025-10-18 11:35:29,340 INFO PERFORMANCE:|0|0|0|-1|-1|0|0

2025-10-18 11:35:29,341 INFO Task worker status: 
naming_0%8, pending tasks: 0
naming_1%8, pending tasks: 0
naming_2%8, pending tasks: 0
naming_3%8, pending tasks: 0
naming_4%8, pending tasks: 0
naming_5%8, pending tasks: 0
naming_6%8, pending tasks: 0
naming_7%8, pending tasks: 0


2025-10-18 11:35:29,341 INFO DISTRO:|0|0|0|

2025-10-18 11:36:29,337 INFO PERFORMANCE:|0|0|0|-1|-1|0|0

2025-10-18 11:36:29,679 INFO Task worker status: 
naming_0%8, pending tasks: 0
naming_1%8, pending tasks: 0
naming_2%8, pending tasks: 0
naming_3%8, pending tasks: 0
naming_4%8, pending tasks: 0
naming_5%8, pending tasks: 0
naming_6%8, pending tasks: 0
naming_7%8, pending tasks: 0


2025-10-18 11:36:29,974 INFO DISTRO:|0|0|0|

2025-10-18 11:37:30,088 INFO PERFORMANCE:|0|0|0|-1|-1|0|0

2025-10-18 11:37:30,088 INFO Task worker status: 
naming_0%8, pending tasks: 0
naming_1%8, pending tasks: 0
naming_2%8, pending tasks: 0
naming_3%8, pending tasks: 0
naming_4%8, pending tasks: 0
naming_5%8, pending tasks: 0
naming_6%8, pending tasks: 0
naming_7%8, pending tasks: 0


2025-10-18 11:37:30,088 INFO DISTRO:|0|0|0|

2025-10-18 11:38:30,084 INFO PERFORMANCE:|0|0|0|-1|-1|0|0

2025-10-18 11:38:30,092 INFO Task worker status: 
naming_0%8, pending tasks: 0
naming_1%8, pending tasks: 0
naming_2%8, pending tasks: 0
naming_3%8, pending tasks: 0
naming_4%8, pending tasks: 0
naming_5%8, pending tasks: 0
naming_6%8, pending tasks: 0
naming_7%8, pending tasks: 0


2025-10-18 11:38:30,095 INFO DISTRO:|0|0|0|

2025-10-18 11:39:30,105 INFO PERFORMANCE:|0|0|0|-1|-1|0|0

2025-10-18 11:39:30,106 INFO Task worker status: 
naming_0%8, pending tasks: 0
naming_1%8, pending tasks: 0
naming_2%8, pending tasks: 0
naming_3%8, pending tasks: 0
naming_4%8, pending tasks: 0
naming_5%8, pending tasks: 0
naming_6%8, pending tasks: 0
naming_7%8, pending tasks: 0


2025-10-18 11:39:30,106 INFO DISTRO:|0|0|0|

2025-10-18 11:40:30,101 INFO PERFORMANCE:|0|0|0|-1|-1|0|0

2025-10-18 11:40:30,102 INFO Task worker status: 
naming_0%8, pending tasks: 0
naming_1%8, pending tasks: 0
naming_2%8, pending tasks: 0
naming_3%8, pending tasks: 0
naming_4%8, pending tasks: 0
naming_5%8, pending tasks: 0
naming_6%8, pending tasks: 0
naming_7%8, pending tasks: 0


2025-10-18 11:40:30,102 INFO DISTRO:|0|0|0|

2025-10-18 11:41:30,098 INFO PERFORMANCE:|0|0|0|-1|-1|0|0

2025-10-18 11:41:30,098 INFO Task worker status: 
naming_0%8, pending tasks: 0
naming_1%8, pending tasks: 0
naming_2%8, pending tasks: 0
naming_3%8, pending tasks: 0
naming_4%8, pending tasks: 0
naming_5%8, pending tasks: 0
naming_6%8, pending tasks: 0
naming_7%8, pending tasks: 0


2025-10-18 11:41:30,098 INFO DISTRO:|0|0|0|

2025-10-18 11:42:30,094 INFO PERFORMANCE:|0|0|0|-1|-1|0|0

2025-10-18 11:42:30,095 INFO Task worker status: 
naming_0%8, pending tasks: 0
naming_1%8, pending tasks: 0
naming_2%8, pending tasks: 0
naming_3%8, pending tasks: 0
naming_4%8, pending tasks: 0
naming_5%8, pending tasks: 0
naming_6%8, pending tasks: 0
naming_7%8, pending tasks: 0


2025-10-18 11:42:30,097 INFO DISTRO:|0|0|0|

2025-10-18 11:43:30,094 INFO PERFORMANCE:|0|0|0|-1|-1|0|0

2025-10-18 11:43:30,094 INFO Task worker status: 
naming_0%8, pending tasks: 0
naming_1%8, pending tasks: 0
naming_2%8, pending tasks: 0
naming_3%8, pending tasks: 0
naming_4%8, pending tasks: 0
naming_5%8, pending tasks: 0
naming_6%8, pending tasks: 0
naming_7%8, pending tasks: 0


2025-10-18 11:43:30,095 INFO DISTRO:|0|0|0|

2025-10-18 11:44:30,090 INFO PERFORMANCE:|0|0|0|-1|-1|0|0

2025-10-18 11:44:30,091 INFO Task worker status: 
naming_0%8, pending tasks: 0
naming_1%8, pending tasks: 0
naming_2%8, pending tasks: 0
naming_3%8, pending tasks: 0
naming_4%8, pending tasks: 0
naming_5%8, pending tasks: 0
naming_6%8, pending tasks: 0
naming_7%8, pending tasks: 0


2025-10-18 11:44:30,091 INFO DISTRO:|0|0|0|

2025-10-18 11:45:30,087 INFO PERFORMANCE:|serviceCount|ipCount|subscribeCount|maxPushCost|avgPushCost|totalPushCount|failPushCount

2025-10-18 11:45:30,088 INFO DISTRO:|V1SyncDone|V1SyncFail|V2SyncDone|V2SyncFail|V2VerifyFail|

2025-10-18 11:45:30,089 INFO PERFORMANCE:|0|0|0|-1|-1|0|0

2025-10-18 11:45:30,089 INFO Task worker status: 
naming_0%8, pending tasks: 0
naming_1%8, pending tasks: 0
naming_2%8, pending tasks: 0
naming_3%8, pending tasks: 0
naming_4%8, pending tasks: 0
naming_5%8, pending tasks: 0
naming_6%8, pending tasks: 0
naming_7%8, pending tasks: 0


2025-10-18 11:45:30,090 INFO DISTRO:|0|0|0|

2025-10-18 11:46:30,086 INFO PERFORMANCE:|0|0|0|-1|-1|0|0

2025-10-18 11:46:30,086 INFO Task worker status: 
naming_0%8, pending tasks: 0
naming_1%8, pending tasks: 0
naming_2%8, pending tasks: 0
naming_3%8, pending tasks: 0
naming_4%8, pending tasks: 0
naming_5%8, pending tasks: 0
naming_6%8, pending tasks: 0
naming_7%8, pending tasks: 0


2025-10-18 11:46:30,087 INFO DISTRO:|0|0|0|

2025-10-18 11:47:30,082 INFO PERFORMANCE:|0|0|0|-1|-1|0|0

2025-10-18 11:47:30,082 INFO Task worker status: 
naming_0%8, pending tasks: 0
naming_1%8, pending tasks: 0
naming_2%8, pending tasks: 0
naming_3%8, pending tasks: 0
naming_4%8, pending tasks: 0
naming_5%8, pending tasks: 0
naming_6%8, pending tasks: 0
naming_7%8, pending tasks: 0


2025-10-18 11:47:30,083 INFO DISTRO:|0|0|0|

2025-10-18 11:48:30,080 INFO PERFORMANCE:|0|0|0|-1|-1|0|0

2025-10-18 11:48:30,080 INFO Task worker status: 
naming_0%8, pending tasks: 0
naming_1%8, pending tasks: 0
naming_2%8, pending tasks: 0
naming_3%8, pending tasks: 0
naming_4%8, pending tasks: 0
naming_5%8, pending tasks: 0
naming_6%8, pending tasks: 0
naming_7%8, pending tasks: 0


2025-10-18 11:48:30,080 INFO DISTRO:|0|0|0|

2025-10-18 11:49:30,075 INFO PERFORMANCE:|0|0|0|-1|-1|0|0

2025-10-18 11:49:30,076 INFO Task worker status: 
naming_0%8, pending tasks: 0
naming_1%8, pending tasks: 0
naming_2%8, pending tasks: 0
naming_3%8, pending tasks: 0
naming_4%8, pending tasks: 0
naming_5%8, pending tasks: 0
naming_6%8, pending tasks: 0
naming_7%8, pending tasks: 0


2025-10-18 11:49:30,076 INFO DISTRO:|0|0|0|

2025-10-18 11:50:30,073 INFO PERFORMANCE:|0|0|0|-1|-1|0|0

2025-10-18 11:50:30,073 INFO Task worker status: 
naming_0%8, pending tasks: 0
naming_1%8, pending tasks: 0
naming_2%8, pending tasks: 0
naming_3%8, pending tasks: 0
naming_4%8, pending tasks: 0
naming_5%8, pending tasks: 0
naming_6%8, pending tasks: 0
naming_7%8, pending tasks: 0


2025-10-18 11:50:30,074 INFO DISTRO:|0|0|0|

2025-10-18 11:51:30,070 INFO PERFORMANCE:|0|0|0|-1|-1|0|0

2025-10-18 11:51:30,070 INFO Task worker status: 
naming_0%8, pending tasks: 0
naming_1%8, pending tasks: 0
naming_2%8, pending tasks: 0
naming_3%8, pending tasks: 0
naming_4%8, pending tasks: 0
naming_5%8, pending tasks: 0
naming_6%8, pending tasks: 0
naming_7%8, pending tasks: 0


2025-10-18 11:51:30,071 INFO DISTRO:|0|0|0|

2025-10-18 11:52:30,067 INFO PERFORMANCE:|0|0|0|-1|-1|0|0

2025-10-18 11:52:30,067 INFO Task worker status: 
naming_0%8, pending tasks: 0
naming_1%8, pending tasks: 0
naming_2%8, pending tasks: 0
naming_3%8, pending tasks: 0
naming_4%8, pending tasks: 0
naming_5%8, pending tasks: 0
naming_6%8, pending tasks: 0
naming_7%8, pending tasks: 0


2025-10-18 11:52:30,068 INFO DISTRO:|0|0|0|

2025-10-18 11:53:30,064 INFO PERFORMANCE:|0|0|0|-1|-1|0|0

2025-10-18 11:53:30,066 INFO Task worker status: 
naming_0%8, pending tasks: 0
naming_1%8, pending tasks: 0
naming_2%8, pending tasks: 0
naming_3%8, pending tasks: 0
naming_4%8, pending tasks: 0
naming_5%8, pending tasks: 0
naming_6%8, pending tasks: 0
naming_7%8, pending tasks: 0


2025-10-18 11:53:30,066 INFO DISTRO:|0|0|0|

2025-10-18 11:54:30,062 INFO PERFORMANCE:|0|0|0|-1|-1|0|0

2025-10-18 11:54:30,063 INFO Task worker status: 
naming_0%8, pending tasks: 0
naming_1%8, pending tasks: 0
naming_2%8, pending tasks: 0
naming_3%8, pending tasks: 0
naming_4%8, pending tasks: 0
naming_5%8, pending tasks: 0
naming_6%8, pending tasks: 0
naming_7%8, pending tasks: 0


2025-10-18 11:54:30,063 INFO DISTRO:|0|0|0|

2025-10-18 11:55:30,059 INFO PERFORMANCE:|serviceCount|ipCount|subscribeCount|maxPushCost|avgPushCost|totalPushCount|failPushCount

2025-10-18 11:55:30,060 INFO DISTRO:|V1SyncDone|V1SyncFail|V2SyncDone|V2SyncFail|V2VerifyFail|

2025-10-18 11:55:30,060 INFO PERFORMANCE:|0|0|0|-1|-1|0|0

2025-10-18 11:55:30,061 INFO Task worker status: 
naming_0%8, pending tasks: 0
naming_1%8, pending tasks: 0
naming_2%8, pending tasks: 0
naming_3%8, pending tasks: 0
naming_4%8, pending tasks: 0
naming_5%8, pending tasks: 0
naming_6%8, pending tasks: 0
naming_7%8, pending tasks: 0


2025-10-18 11:55:30,061 INFO DISTRO:|0|0|0|

2025-10-18 11:56:30,057 INFO PERFORMANCE:|0|0|0|-1|-1|0|0

2025-10-18 11:56:30,058 INFO Task worker status: 
naming_0%8, pending tasks: 0
naming_1%8, pending tasks: 0
naming_2%8, pending tasks: 0
naming_3%8, pending tasks: 0
naming_4%8, pending tasks: 0
naming_5%8, pending tasks: 0
naming_6%8, pending tasks: 0
naming_7%8, pending tasks: 0


2025-10-18 11:56:30,058 INFO DISTRO:|0|0|0|

2025-10-18 11:57:30,056 INFO PERFORMANCE:|0|0|0|-1|-1|0|0

2025-10-18 11:57:30,056 INFO Task worker status: 
naming_0%8, pending tasks: 0
naming_1%8, pending tasks: 0
naming_2%8, pending tasks: 0
naming_3%8, pending tasks: 0
naming_4%8, pending tasks: 0
naming_5%8, pending tasks: 0
naming_6%8, pending tasks: 0
naming_7%8, pending tasks: 0


2025-10-18 11:57:30,057 INFO DISTRO:|0|0|0|

2025-10-18 11:58:30,053 INFO PERFORMANCE:|0|0|0|-1|-1|0|0

2025-10-18 11:58:30,054 INFO Task worker status: 
naming_0%8, pending tasks: 0
naming_1%8, pending tasks: 0
naming_2%8, pending tasks: 0
naming_3%8, pending tasks: 0
naming_4%8, pending tasks: 0
naming_5%8, pending tasks: 0
naming_6%8, pending tasks: 0
naming_7%8, pending tasks: 0


2025-10-18 11:58:30,054 INFO DISTRO:|0|0|0|

2025-10-18 11:59:30,050 INFO PERFORMANCE:|0|0|0|-1|-1|0|0

2025-10-18 11:59:30,050 INFO Task worker status: 
naming_0%8, pending tasks: 0
naming_1%8, pending tasks: 0
naming_2%8, pending tasks: 0
naming_3%8, pending tasks: 0
naming_4%8, pending tasks: 0
naming_5%8, pending tasks: 0
naming_6%8, pending tasks: 0
naming_7%8, pending tasks: 0


2025-10-18 11:59:30,050 INFO DISTRO:|0|0|0|

2025-10-18 12:00:30,047 INFO PERFORMANCE:|0|0|0|-1|-1|0|0

2025-10-18 12:00:30,208 INFO Task worker status: 
naming_0%8, pending tasks: 0
naming_1%8, pending tasks: 0
naming_2%8, pending tasks: 0
naming_3%8, pending tasks: 0
naming_4%8, pending tasks: 0
naming_5%8, pending tasks: 0
naming_6%8, pending tasks: 0
naming_7%8, pending tasks: 0


2025-10-18 12:00:30,209 INFO DISTRO:|0|0|0|

2025-10-18 12:01:30,206 INFO PERFORMANCE:|0|0|0|-1|-1|0|0

2025-10-18 12:01:30,258 INFO Task worker status: 
naming_0%8, pending tasks: 0
naming_1%8, pending tasks: 0
naming_2%8, pending tasks: 0
naming_3%8, pending tasks: 0
naming_4%8, pending tasks: 0
naming_5%8, pending tasks: 0
naming_6%8, pending tasks: 0
naming_7%8, pending tasks: 0


2025-10-18 12:01:30,260 INFO DISTRO:|0|0|0|

2025-10-18 12:02:30,260 INFO PERFORMANCE:|0|0|0|-1|-1|0|0

2025-10-18 12:02:30,260 INFO Task worker status: 
naming_0%8, pending tasks: 0
naming_1%8, pending tasks: 0
naming_2%8, pending tasks: 0
naming_3%8, pending tasks: 0
naming_4%8, pending tasks: 0
naming_5%8, pending tasks: 0
naming_6%8, pending tasks: 0
naming_7%8, pending tasks: 0


2025-10-18 12:02:30,260 INFO DISTRO:|0|0|0|

2025-10-18 12:03:30,258 INFO PERFORMANCE:|0|0|0|-1|-1|0|0

2025-10-18 12:03:30,258 INFO Task worker status: 
naming_0%8, pending tasks: 0
naming_1%8, pending tasks: 0
naming_2%8, pending tasks: 0
naming_3%8, pending tasks: 0
naming_4%8, pending tasks: 0
naming_5%8, pending tasks: 0
naming_6%8, pending tasks: 0
naming_7%8, pending tasks: 0


2025-10-18 12:03:30,258 INFO DISTRO:|0|0|0|

2025-10-18 12:04:30,254 INFO PERFORMANCE:|0|0|0|-1|-1|0|0

2025-10-18 12:04:30,255 INFO Task worker status: 
naming_0%8, pending tasks: 0
naming_1%8, pending tasks: 0
naming_2%8, pending tasks: 0
naming_3%8, pending tasks: 0
naming_4%8, pending tasks: 0
naming_5%8, pending tasks: 0
naming_6%8, pending tasks: 0
naming_7%8, pending tasks: 0


2025-10-18 12:04:30,255 INFO DISTRO:|0|0|0|

2025-10-18 12:05:30,252 INFO PERFORMANCE:|serviceCount|ipCount|subscribeCount|maxPushCost|avgPushCost|totalPushCount|failPushCount

2025-10-18 12:05:30,252 INFO DISTRO:|V1SyncDone|V1SyncFail|V2SyncDone|V2SyncFail|V2VerifyFail|

2025-10-18 12:05:30,253 INFO PERFORMANCE:|0|0|0|-1|-1|0|0

2025-10-18 12:05:30,253 INFO Task worker status: 
naming_0%8, pending tasks: 0
naming_1%8, pending tasks: 0
naming_2%8, pending tasks: 0
naming_3%8, pending tasks: 0
naming_4%8, pending tasks: 0
naming_5%8, pending tasks: 0
naming_6%8, pending tasks: 0
naming_7%8, pending tasks: 0


2025-10-18 12:05:30,253 INFO DISTRO:|0|0|0|

2025-10-18 12:06:30,250 INFO PERFORMANCE:|0|0|0|-1|-1|0|0

2025-10-18 12:06:30,317 INFO Task worker status: 
naming_0%8, pending tasks: 0
naming_1%8, pending tasks: 0
naming_2%8, pending tasks: 0
naming_3%8, pending tasks: 0
naming_4%8, pending tasks: 0
naming_5%8, pending tasks: 0
naming_6%8, pending tasks: 0
naming_7%8, pending tasks: 0


2025-10-18 12:06:30,318 INFO DISTRO:|0|0|0|

2025-10-18 12:07:30,314 INFO PERFORMANCE:|0|0|0|-1|-1|0|0

2025-10-18 12:07:30,315 INFO Task worker status: 
naming_0%8, pending tasks: 0
naming_1%8, pending tasks: 0
naming_2%8, pending tasks: 0
naming_3%8, pending tasks: 0
naming_4%8, pending tasks: 0
naming_5%8, pending tasks: 0
naming_6%8, pending tasks: 0
naming_7%8, pending tasks: 0


2025-10-18 12:07:30,315 INFO DISTRO:|0|0|0|

2025-10-18 12:08:30,311 INFO PERFORMANCE:|0|0|0|-1|-1|0|0

2025-10-18 12:08:30,311 INFO Task worker status: 
naming_0%8, pending tasks: 0
naming_1%8, pending tasks: 0
naming_2%8, pending tasks: 0
naming_3%8, pending tasks: 0
naming_4%8, pending tasks: 0
naming_5%8, pending tasks: 0
naming_6%8, pending tasks: 0
naming_7%8, pending tasks: 0


2025-10-18 12:08:30,312 INFO DISTRO:|0|0|0|

2025-10-18 12:09:30,310 INFO PERFORMANCE:|0|0|0|-1|-1|0|0

2025-10-18 12:09:30,310 INFO Task worker status: 
naming_0%8, pending tasks: 0
naming_1%8, pending tasks: 0
naming_2%8, pending tasks: 0
naming_3%8, pending tasks: 0
naming_4%8, pending tasks: 0
naming_5%8, pending tasks: 0
naming_6%8, pending tasks: 0
naming_7%8, pending tasks: 0


2025-10-18 12:09:30,311 INFO DISTRO:|0|0|0|

2025-10-18 12:10:30,307 INFO PERFORMANCE:|0|0|0|-1|-1|0|0

2025-10-18 12:10:30,308 INFO Task worker status: 
naming_0%8, pending tasks: 0
naming_1%8, pending tasks: 0
naming_2%8, pending tasks: 0
naming_3%8, pending tasks: 0
naming_4%8, pending tasks: 0
naming_5%8, pending tasks: 0
naming_6%8, pending tasks: 0
naming_7%8, pending tasks: 0


2025-10-18 12:10:30,308 INFO DISTRO:|0|0|0|

2025-10-18 12:11:30,305 INFO PERFORMANCE:|0|0|0|-1|-1|0|0

2025-10-18 12:11:30,310 INFO Task worker status: 
naming_0%8, pending tasks: 0
naming_1%8, pending tasks: 0
naming_2%8, pending tasks: 0
naming_3%8, pending tasks: 0
naming_4%8, pending tasks: 0
naming_5%8, pending tasks: 0
naming_6%8, pending tasks: 0
naming_7%8, pending tasks: 0


2025-10-18 12:11:30,311 INFO DISTRO:|0|0|0|

2025-10-18 12:12:30,309 INFO PERFORMANCE:|0|0|0|-1|-1|0|0

2025-10-18 12:12:30,309 INFO Task worker status: 
naming_0%8, pending tasks: 0
naming_1%8, pending tasks: 0
naming_2%8, pending tasks: 0
naming_3%8, pending tasks: 0
naming_4%8, pending tasks: 0
naming_5%8, pending tasks: 0
naming_6%8, pending tasks: 0
naming_7%8, pending tasks: 0


2025-10-18 12:12:30,310 INFO DISTRO:|0|0|0|

2025-10-18 12:13:30,308 INFO PERFORMANCE:|0|0|0|-1|-1|0|0

2025-10-18 12:13:30,308 INFO Task worker status: 
naming_0%8, pending tasks: 0
naming_1%8, pending tasks: 0
naming_2%8, pending tasks: 0
naming_3%8, pending tasks: 0
naming_4%8, pending tasks: 0
naming_5%8, pending tasks: 0
naming_6%8, pending tasks: 0
naming_7%8, pending tasks: 0


2025-10-18 12:13:30,308 INFO DISTRO:|0|0|0|

2025-10-18 12:14:30,305 INFO PERFORMANCE:|0|0|0|-1|-1|0|0

2025-10-18 12:14:30,306 INFO Task worker status: 
naming_0%8, pending tasks: 0
naming_1%8, pending tasks: 0
naming_2%8, pending tasks: 0
naming_3%8, pending tasks: 0
naming_4%8, pending tasks: 0
naming_5%8, pending tasks: 0
naming_6%8, pending tasks: 0
naming_7%8, pending tasks: 0


2025-10-18 12:14:30,306 INFO DISTRO:|0|0|0|

2025-10-18 12:15:30,304 INFO PERFORMANCE:|serviceCount|ipCount|subscribeCount|maxPushCost|avgPushCost|totalPushCount|failPushCount

2025-10-18 12:15:30,305 INFO DISTRO:|V1SyncDone|V1SyncFail|V2SyncDone|V2SyncFail|V2VerifyFail|

2025-10-18 12:15:30,305 INFO PERFORMANCE:|0|0|0|-1|-1|0|0

2025-10-18 12:15:30,305 INFO Task worker status: 
naming_0%8, pending tasks: 0
naming_1%8, pending tasks: 0
naming_2%8, pending tasks: 0
naming_3%8, pending tasks: 0
naming_4%8, pending tasks: 0
naming_5%8, pending tasks: 0
naming_6%8, pending tasks: 0
naming_7%8, pending tasks: 0


2025-10-18 12:15:30,306 INFO DISTRO:|0|0|0|

2025-10-18 12:16:30,303 INFO PERFORMANCE:|0|0|0|-1|-1|0|0

2025-10-18 12:16:30,304 INFO Task worker status: 
naming_0%8, pending tasks: 0
naming_1%8, pending tasks: 0
naming_2%8, pending tasks: 0
naming_3%8, pending tasks: 0
naming_4%8, pending tasks: 0
naming_5%8, pending tasks: 0
naming_6%8, pending tasks: 0
naming_7%8, pending tasks: 0


2025-10-18 12:16:30,304 INFO DISTRO:|0|0|0|

2025-10-18 12:17:30,301 INFO PERFORMANCE:|0|0|0|-1|-1|0|0

2025-10-18 12:17:30,302 INFO Task worker status: 
naming_0%8, pending tasks: 0
naming_1%8, pending tasks: 0
naming_2%8, pending tasks: 0
naming_3%8, pending tasks: 0
naming_4%8, pending tasks: 0
naming_5%8, pending tasks: 0
naming_6%8, pending tasks: 0
naming_7%8, pending tasks: 0


2025-10-18 12:17:30,302 INFO DISTRO:|0|0|0|

2025-10-18 12:18:30,299 INFO PERFORMANCE:|0|0|0|-1|-1|0|0

2025-10-18 12:18:30,300 INFO Task worker status: 
naming_0%8, pending tasks: 0
naming_1%8, pending tasks: 0
naming_2%8, pending tasks: 0
naming_3%8, pending tasks: 0
naming_4%8, pending tasks: 0
naming_5%8, pending tasks: 0
naming_6%8, pending tasks: 0
naming_7%8, pending tasks: 0


2025-10-18 12:18:30,300 INFO DISTRO:|0|0|0|

2025-10-18 12:19:30,298 INFO PERFORMANCE:|0|0|0|-1|-1|0|0

2025-10-18 12:19:30,298 INFO Task worker status: 
naming_0%8, pending tasks: 0
naming_1%8, pending tasks: 0
naming_2%8, pending tasks: 0
naming_3%8, pending tasks: 0
naming_4%8, pending tasks: 0
naming_5%8, pending tasks: 0
naming_6%8, pending tasks: 0
naming_7%8, pending tasks: 0


2025-10-18 12:19:30,298 INFO DISTRO:|0|0|0|

2025-10-18 12:20:30,296 INFO PERFORMANCE:|0|0|0|-1|-1|0|0

2025-10-18 12:20:30,296 INFO Task worker status: 
naming_0%8, pending tasks: 0
naming_1%8, pending tasks: 0
naming_2%8, pending tasks: 0
naming_3%8, pending tasks: 0
naming_4%8, pending tasks: 0
naming_5%8, pending tasks: 0
naming_6%8, pending tasks: 0
naming_7%8, pending tasks: 0


2025-10-18 12:20:30,297 INFO DISTRO:|0|0|0|

2025-10-18 12:21:30,294 INFO PERFORMANCE:|0|0|0|-1|-1|0|0

2025-10-18 12:21:30,294 INFO Task worker status: 
naming_0%8, pending tasks: 0
naming_1%8, pending tasks: 0
naming_2%8, pending tasks: 0
naming_3%8, pending tasks: 0
naming_4%8, pending tasks: 0
naming_5%8, pending tasks: 0
naming_6%8, pending tasks: 0
naming_7%8, pending tasks: 0


2025-10-18 12:21:30,295 INFO DISTRO:|0|0|0|

2025-10-18 12:22:30,292 INFO PERFORMANCE:|0|0|0|-1|-1|0|0

2025-10-18 12:22:30,292 INFO Task worker status: 
naming_0%8, pending tasks: 0
naming_1%8, pending tasks: 0
naming_2%8, pending tasks: 0
naming_3%8, pending tasks: 0
naming_4%8, pending tasks: 0
naming_5%8, pending tasks: 0
naming_6%8, pending tasks: 0
naming_7%8, pending tasks: 0


2025-10-18 12:22:30,293 INFO DISTRO:|0|0|0|

2025-10-18 12:23:30,290 INFO PERFORMANCE:|0|0|0|-1|-1|0|0

2025-10-18 12:23:30,290 INFO Task worker status: 
naming_0%8, pending tasks: 0
naming_1%8, pending tasks: 0
naming_2%8, pending tasks: 0
naming_3%8, pending tasks: 0
naming_4%8, pending tasks: 0
naming_5%8, pending tasks: 0
naming_6%8, pending tasks: 0
naming_7%8, pending tasks: 0


2025-10-18 12:23:30,291 INFO DISTRO:|0|0|0|

2025-10-18 12:24:30,289 INFO PERFORMANCE:|0|0|0|-1|-1|0|0

2025-10-18 12:24:30,289 INFO Task worker status: 
naming_0%8, pending tasks: 0
naming_1%8, pending tasks: 0
naming_2%8, pending tasks: 0
naming_3%8, pending tasks: 0
naming_4%8, pending tasks: 0
naming_5%8, pending tasks: 0
naming_6%8, pending tasks: 0
naming_7%8, pending tasks: 0


2025-10-18 12:24:30,290 INFO DISTRO:|0|0|0|

2025-10-18 12:25:30,287 INFO PERFORMANCE:|serviceCount|ipCount|subscribeCount|maxPushCost|avgPushCost|totalPushCount|failPushCount

2025-10-18 12:25:30,287 INFO DISTRO:|V1SyncDone|V1SyncFail|V2SyncDone|V2SyncFail|V2VerifyFail|

2025-10-18 12:25:30,288 INFO PERFORMANCE:|0|0|0|-1|-1|0|0

2025-10-18 12:25:30,288 INFO Task worker status: 
naming_0%8, pending tasks: 0
naming_1%8, pending tasks: 0
naming_2%8, pending tasks: 0
naming_3%8, pending tasks: 0
naming_4%8, pending tasks: 0
naming_5%8, pending tasks: 0
naming_6%8, pending tasks: 0
naming_7%8, pending tasks: 0


2025-10-18 12:25:30,288 INFO DISTRO:|0|0|0|

2025-10-18 12:26:30,286 INFO PERFORMANCE:|0|0|0|-1|-1|0|0

2025-10-18 12:26:30,286 INFO Task worker status: 
naming_0%8, pending tasks: 0
naming_1%8, pending tasks: 0
naming_2%8, pending tasks: 0
naming_3%8, pending tasks: 0
naming_4%8, pending tasks: 0
naming_5%8, pending tasks: 0
naming_6%8, pending tasks: 0
naming_7%8, pending tasks: 0


2025-10-18 12:26:30,287 INFO DISTRO:|0|0|0|

2025-10-18 12:27:30,284 INFO PERFORMANCE:|0|0|0|-1|-1|0|0

2025-10-18 12:27:30,284 INFO Task worker status: 
naming_0%8, pending tasks: 0
naming_1%8, pending tasks: 0
naming_2%8, pending tasks: 0
naming_3%8, pending tasks: 0
naming_4%8, pending tasks: 0
naming_5%8, pending tasks: 0
naming_6%8, pending tasks: 0
naming_7%8, pending tasks: 0


2025-10-18 12:27:30,284 INFO DISTRO:|0|0|0|

2025-10-18 12:28:30,282 INFO PERFORMANCE:|0|0|0|-1|-1|0|0

2025-10-18 12:28:30,282 INFO Task worker status: 
naming_0%8, pending tasks: 0
naming_1%8, pending tasks: 0
naming_2%8, pending tasks: 0
naming_3%8, pending tasks: 0
naming_4%8, pending tasks: 0
naming_5%8, pending tasks: 0
naming_6%8, pending tasks: 0
naming_7%8, pending tasks: 0


2025-10-18 12:28:30,283 INFO DISTRO:|0|0|0|

2025-10-18 12:29:30,280 INFO PERFORMANCE:|0|0|0|-1|-1|0|0

2025-10-18 12:29:30,281 INFO Task worker status: 
naming_0%8, pending tasks: 0
naming_1%8, pending tasks: 0
naming_2%8, pending tasks: 0
naming_3%8, pending tasks: 0
naming_4%8, pending tasks: 0
naming_5%8, pending tasks: 0
naming_6%8, pending tasks: 0
naming_7%8, pending tasks: 0


2025-10-18 12:29:30,281 INFO DISTRO:|0|0|0|

2025-10-18 12:30:30,278 INFO PERFORMANCE:|0|0|0|-1|-1|0|0

2025-10-18 12:30:30,279 INFO Task worker status: 
naming_0%8, pending tasks: 0
naming_1%8, pending tasks: 0
naming_2%8, pending tasks: 0
naming_3%8, pending tasks: 0
naming_4%8, pending tasks: 0
naming_5%8, pending tasks: 0
naming_6%8, pending tasks: 0
naming_7%8, pending tasks: 0


2025-10-18 12:30:30,279 INFO DISTRO:|0|0|0|

2025-10-18 12:31:30,277 INFO PERFORMANCE:|0|0|0|-1|-1|0|0

2025-10-18 12:31:30,278 INFO Task worker status: 
naming_0%8, pending tasks: 0
naming_1%8, pending tasks: 0
naming_2%8, pending tasks: 0
naming_3%8, pending tasks: 0
naming_4%8, pending tasks: 0
naming_5%8, pending tasks: 0
naming_6%8, pending tasks: 0
naming_7%8, pending tasks: 0


2025-10-18 12:31:30,278 INFO DISTRO:|0|0|0|

2025-10-18 12:32:30,275 INFO PERFORMANCE:|0|0|0|-1|-1|0|0

2025-10-18 12:32:30,276 INFO Task worker status: 
naming_0%8, pending tasks: 0
naming_1%8, pending tasks: 0
naming_2%8, pending tasks: 0
naming_3%8, pending tasks: 0
naming_4%8, pending tasks: 0
naming_5%8, pending tasks: 0
naming_6%8, pending tasks: 0
naming_7%8, pending tasks: 0


2025-10-18 12:32:30,276 INFO DISTRO:|0|0|0|

2025-10-18 12:33:30,274 INFO PERFORMANCE:|0|0|0|-1|-1|0|0

2025-10-18 12:33:30,274 INFO Task worker status: 
naming_0%8, pending tasks: 0
naming_1%8, pending tasks: 0
naming_2%8, pending tasks: 0
naming_3%8, pending tasks: 0
naming_4%8, pending tasks: 0
naming_5%8, pending tasks: 0
naming_6%8, pending tasks: 0
naming_7%8, pending tasks: 0


2025-10-18 12:33:30,275 INFO DISTRO:|0|0|0|

2025-10-18 12:34:30,272 INFO PERFORMANCE:|0|0|0|-1|-1|0|0

2025-10-18 12:34:30,273 INFO Task worker status: 
naming_0%8, pending tasks: 0
naming_1%8, pending tasks: 0
naming_2%8, pending tasks: 0
naming_3%8, pending tasks: 0
naming_4%8, pending tasks: 0
naming_5%8, pending tasks: 0
naming_6%8, pending tasks: 0
naming_7%8, pending tasks: 0


2025-10-18 12:34:30,273 INFO DISTRO:|0|0|0|

2025-10-18 12:35:30,271 INFO PERFORMANCE:|serviceCount|ipCount|subscribeCount|maxPushCost|avgPushCost|totalPushCount|failPushCount

2025-10-18 12:35:30,271 INFO DISTRO:|V1SyncDone|V1SyncFail|V2SyncDone|V2SyncFail|V2VerifyFail|

2025-10-18 12:35:30,271 INFO PERFORMANCE:|0|0|0|-1|-1|0|0

2025-10-18 12:35:30,272 INFO Task worker status: 
naming_0%8, pending tasks: 0
naming_1%8, pending tasks: 0
naming_2%8, pending tasks: 0
naming_3%8, pending tasks: 0
naming_4%8, pending tasks: 0
naming_5%8, pending tasks: 0
naming_6%8, pending tasks: 0
naming_7%8, pending tasks: 0


2025-10-18 12:35:30,272 INFO DISTRO:|0|0|0|

2025-10-18 12:36:30,270 INFO PERFORMANCE:|0|0|0|-1|-1|0|0

2025-10-18 12:36:30,270 INFO Task worker status: 
naming_0%8, pending tasks: 0
naming_1%8, pending tasks: 0
naming_2%8, pending tasks: 0
naming_3%8, pending tasks: 0
naming_4%8, pending tasks: 0
naming_5%8, pending tasks: 0
naming_6%8, pending tasks: 0
naming_7%8, pending tasks: 0


2025-10-18 12:36:30,271 INFO DISTRO:|0|0|0|

2025-10-18 12:37:30,268 INFO PERFORMANCE:|0|0|0|-1|-1|0|0

2025-10-18 12:37:30,268 INFO Task worker status: 
naming_0%8, pending tasks: 0
naming_1%8, pending tasks: 0
naming_2%8, pending tasks: 0
naming_3%8, pending tasks: 0
naming_4%8, pending tasks: 0
naming_5%8, pending tasks: 0
naming_6%8, pending tasks: 0
naming_7%8, pending tasks: 0


2025-10-18 12:37:30,269 INFO DISTRO:|0|0|0|

2025-10-18 12:38:30,265 INFO PERFORMANCE:|0|0|0|-1|-1|0|0

2025-10-18 12:38:30,265 INFO Task worker status: 
naming_0%8, pending tasks: 0
naming_1%8, pending tasks: 0
naming_2%8, pending tasks: 0
naming_3%8, pending tasks: 0
naming_4%8, pending tasks: 0
naming_5%8, pending tasks: 0
naming_6%8, pending tasks: 0
naming_7%8, pending tasks: 0


2025-10-18 12:38:30,266 INFO DISTRO:|0|0|0|

2025-10-18 12:39:30,265 INFO PERFORMANCE:|0|0|0|-1|-1|0|0

2025-10-18 12:39:30,265 INFO Task worker status: 
naming_0%8, pending tasks: 0
naming_1%8, pending tasks: 0
naming_2%8, pending tasks: 0
naming_3%8, pending tasks: 0
naming_4%8, pending tasks: 0
naming_5%8, pending tasks: 0
naming_6%8, pending tasks: 0
naming_7%8, pending tasks: 0


2025-10-18 12:39:30,266 INFO DISTRO:|0|0|0|

2025-10-18 12:40:30,263 INFO PERFORMANCE:|0|0|0|-1|-1|0|0

2025-10-18 12:40:30,264 INFO Task worker status: 
naming_0%8, pending tasks: 0
naming_1%8, pending tasks: 0
naming_2%8, pending tasks: 0
naming_3%8, pending tasks: 0
naming_4%8, pending tasks: 0
naming_5%8, pending tasks: 0
naming_6%8, pending tasks: 0
naming_7%8, pending tasks: 0


2025-10-18 12:40:30,264 INFO DISTRO:|0|0|0|

2025-10-18 12:41:30,262 INFO PERFORMANCE:|0|0|0|-1|-1|0|0

2025-10-18 12:41:30,263 INFO Task worker status: 
naming_0%8, pending tasks: 0
naming_1%8, pending tasks: 0
naming_2%8, pending tasks: 0
naming_3%8, pending tasks: 0
naming_4%8, pending tasks: 0
naming_5%8, pending tasks: 0
naming_6%8, pending tasks: 0
naming_7%8, pending tasks: 0


2025-10-18 12:41:30,263 INFO DISTRO:|0|0|0|

2025-10-18 12:42:30,261 INFO PERFORMANCE:|0|0|0|-1|-1|0|0

2025-10-18 12:42:30,261 INFO Task worker status: 
naming_0%8, pending tasks: 0
naming_1%8, pending tasks: 0
naming_2%8, pending tasks: 0
naming_3%8, pending tasks: 0
naming_4%8, pending tasks: 0
naming_5%8, pending tasks: 0
naming_6%8, pending tasks: 0
naming_7%8, pending tasks: 0


2025-10-18 12:42:30,262 INFO DISTRO:|0|0|0|

2025-10-18 12:43:30,259 INFO PERFORMANCE:|0|0|0|-1|-1|0|0

2025-10-18 12:43:30,260 INFO Task worker status: 
naming_0%8, pending tasks: 0
naming_1%8, pending tasks: 0
naming_2%8, pending tasks: 0
naming_3%8, pending tasks: 0
naming_4%8, pending tasks: 0
naming_5%8, pending tasks: 0
naming_6%8, pending tasks: 0
naming_7%8, pending tasks: 0


2025-10-18 12:43:30,260 INFO DISTRO:|0|0|0|

2025-10-18 12:44:30,257 INFO PERFORMANCE:|0|0|0|-1|-1|0|0

2025-10-18 12:44:30,258 INFO Task worker status: 
naming_0%8, pending tasks: 0
naming_1%8, pending tasks: 0
naming_2%8, pending tasks: 0
naming_3%8, pending tasks: 0
naming_4%8, pending tasks: 0
naming_5%8, pending tasks: 0
naming_6%8, pending tasks: 0
naming_7%8, pending tasks: 0


2025-10-18 12:44:30,258 INFO DISTRO:|0|0|0|

2025-10-18 12:45:30,255 INFO PERFORMANCE:|serviceCount|ipCount|subscribeCount|maxPushCost|avgPushCost|totalPushCount|failPushCount

2025-10-18 12:45:30,256 INFO DISTRO:|V1SyncDone|V1SyncFail|V2SyncDone|V2SyncFail|V2VerifyFail|

2025-10-18 12:45:30,256 INFO PERFORMANCE:|0|0|0|-1|-1|0|0

2025-10-18 12:45:30,257 INFO Task worker status: 
naming_0%8, pending tasks: 0
naming_1%8, pending tasks: 0
naming_2%8, pending tasks: 0
naming_3%8, pending tasks: 0
naming_4%8, pending tasks: 0
naming_5%8, pending tasks: 0
naming_6%8, pending tasks: 0
naming_7%8, pending tasks: 0


2025-10-18 12:45:30,257 INFO DISTRO:|0|0|0|

2025-10-18 12:46:30,255 INFO PERFORMANCE:|0|0|0|-1|-1|0|0

2025-10-18 12:46:30,256 INFO Task worker status: 
naming_0%8, pending tasks: 0
naming_1%8, pending tasks: 0
naming_2%8, pending tasks: 0
naming_3%8, pending tasks: 0
naming_4%8, pending tasks: 0
naming_5%8, pending tasks: 0
naming_6%8, pending tasks: 0
naming_7%8, pending tasks: 0


2025-10-18 12:46:30,256 INFO DISTRO:|0|0|0|

2025-10-18 12:47:30,254 INFO PERFORMANCE:|0|0|0|-1|-1|0|0

2025-10-18 12:47:30,254 INFO Task worker status: 
naming_0%8, pending tasks: 0
naming_1%8, pending tasks: 0
naming_2%8, pending tasks: 0
naming_3%8, pending tasks: 0
naming_4%8, pending tasks: 0
naming_5%8, pending tasks: 0
naming_6%8, pending tasks: 0
naming_7%8, pending tasks: 0


2025-10-18 12:47:30,255 INFO DISTRO:|0|0|0|

2025-10-18 12:48:30,253 INFO PERFORMANCE:|0|0|0|-1|-1|0|0

2025-10-18 12:48:30,254 INFO Task worker status: 
naming_0%8, pending tasks: 0
naming_1%8, pending tasks: 0
naming_2%8, pending tasks: 0
naming_3%8, pending tasks: 0
naming_4%8, pending tasks: 0
naming_5%8, pending tasks: 0
naming_6%8, pending tasks: 0
naming_7%8, pending tasks: 0


2025-10-18 12:48:30,254 INFO DISTRO:|0|0|0|

2025-10-18 12:49:30,252 INFO PERFORMANCE:|0|0|0|-1|-1|0|0

2025-10-18 12:49:30,252 INFO Task worker status: 
naming_0%8, pending tasks: 0
naming_1%8, pending tasks: 0
naming_2%8, pending tasks: 0
naming_3%8, pending tasks: 0
naming_4%8, pending tasks: 0
naming_5%8, pending tasks: 0
naming_6%8, pending tasks: 0
naming_7%8, pending tasks: 0


2025-10-18 12:49:30,252 INFO DISTRO:|0|0|0|

2025-10-18 12:50:30,250 INFO PERFORMANCE:|0|0|0|-1|-1|0|0

2025-10-18 12:50:30,250 INFO Task worker status: 
naming_0%8, pending tasks: 0
naming_1%8, pending tasks: 0
naming_2%8, pending tasks: 0
naming_3%8, pending tasks: 0
naming_4%8, pending tasks: 0
naming_5%8, pending tasks: 0
naming_6%8, pending tasks: 0
naming_7%8, pending tasks: 0


2025-10-18 12:50:30,250 INFO DISTRO:|0|0|0|

2025-10-18 12:51:30,248 INFO PERFORMANCE:|0|0|0|-1|-1|0|0

2025-10-18 12:51:30,249 INFO Task worker status: 
naming_0%8, pending tasks: 0
naming_1%8, pending tasks: 0
naming_2%8, pending tasks: 0
naming_3%8, pending tasks: 0
naming_4%8, pending tasks: 0
naming_5%8, pending tasks: 0
naming_6%8, pending tasks: 0
naming_7%8, pending tasks: 0


2025-10-18 12:51:30,249 INFO DISTRO:|0|0|0|

2025-10-18 12:52:30,247 INFO PERFORMANCE:|0|0|0|-1|-1|0|0

2025-10-18 12:52:30,248 INFO Task worker status: 
naming_0%8, pending tasks: 0
naming_1%8, pending tasks: 0
naming_2%8, pending tasks: 0
naming_3%8, pending tasks: 0
naming_4%8, pending tasks: 0
naming_5%8, pending tasks: 0
naming_6%8, pending tasks: 0
naming_7%8, pending tasks: 0


2025-10-18 12:52:30,248 INFO DISTRO:|0|0|0|

2025-10-18 12:53:30,246 INFO PERFORMANCE:|0|0|0|-1|-1|0|0

2025-10-18 12:53:30,246 INFO Task worker status: 
naming_0%8, pending tasks: 0
naming_1%8, pending tasks: 0
naming_2%8, pending tasks: 0
naming_3%8, pending tasks: 0
naming_4%8, pending tasks: 0
naming_5%8, pending tasks: 0
naming_6%8, pending tasks: 0
naming_7%8, pending tasks: 0


2025-10-18 12:53:30,247 INFO DISTRO:|0|0|0|

2025-10-18 12:54:30,245 INFO PERFORMANCE:|0|0|0|-1|-1|0|0

2025-10-18 12:54:30,247 INFO Task worker status: 
naming_0%8, pending tasks: 0
naming_1%8, pending tasks: 0
naming_2%8, pending tasks: 0
naming_3%8, pending tasks: 0
naming_4%8, pending tasks: 0
naming_5%8, pending tasks: 0
naming_6%8, pending tasks: 0
naming_7%8, pending tasks: 0


2025-10-18 12:54:30,247 INFO DISTRO:|0|0|0|

2025-10-18 12:55:30,245 INFO PERFORMANCE:|serviceCount|ipCount|subscribeCount|maxPushCost|avgPushCost|totalPushCount|failPushCount

2025-10-18 12:55:30,245 INFO DISTRO:|V1SyncDone|V1SyncFail|V2SyncDone|V2SyncFail|V2VerifyFail|

2025-10-18 12:55:30,245 INFO PERFORMANCE:|0|0|0|-1|-1|0|0

2025-10-18 12:55:30,246 INFO Task worker status: 
naming_0%8, pending tasks: 0
naming_1%8, pending tasks: 0
naming_2%8, pending tasks: 0
naming_3%8, pending tasks: 0
naming_4%8, pending tasks: 0
naming_5%8, pending tasks: 0
naming_6%8, pending tasks: 0
naming_7%8, pending tasks: 0


2025-10-18 12:55:30,246 INFO DISTRO:|0|0|0|

2025-10-18 12:56:30,243 INFO PERFORMANCE:|0|0|0|-1|-1|0|0

2025-10-18 12:56:30,243 INFO Task worker status: 
naming_0%8, pending tasks: 0
naming_1%8, pending tasks: 0
naming_2%8, pending tasks: 0
naming_3%8, pending tasks: 0
naming_4%8, pending tasks: 0
naming_5%8, pending tasks: 0
naming_6%8, pending tasks: 0
naming_7%8, pending tasks: 0


2025-10-18 12:56:30,244 INFO DISTRO:|0|0|0|

2025-10-18 12:57:30,242 INFO PERFORMANCE:|0|0|0|-1|-1|0|0

2025-10-18 12:57:30,242 INFO Task worker status: 
naming_0%8, pending tasks: 0
naming_1%8, pending tasks: 0
naming_2%8, pending tasks: 0
naming_3%8, pending tasks: 0
naming_4%8, pending tasks: 0
naming_5%8, pending tasks: 0
naming_6%8, pending tasks: 0
naming_7%8, pending tasks: 0


2025-10-18 12:57:30,243 INFO DISTRO:|0|0|0|

2025-10-18 12:58:30,240 INFO PERFORMANCE:|0|0|0|-1|-1|0|0

2025-10-18 12:58:30,241 INFO Task worker status: 
naming_0%8, pending tasks: 0
naming_1%8, pending tasks: 0
naming_2%8, pending tasks: 0
naming_3%8, pending tasks: 0
naming_4%8, pending tasks: 0
naming_5%8, pending tasks: 0
naming_6%8, pending tasks: 0
naming_7%8, pending tasks: 0


2025-10-18 12:58:30,241 INFO DISTRO:|0|0|0|

2025-10-18 12:59:30,240 INFO PERFORMANCE:|0|0|0|-1|-1|0|0

2025-10-18 12:59:30,240 INFO Task worker status: 
naming_0%8, pending tasks: 0
naming_1%8, pending tasks: 0
naming_2%8, pending tasks: 0
naming_3%8, pending tasks: 0
naming_4%8, pending tasks: 0
naming_5%8, pending tasks: 0
naming_6%8, pending tasks: 0
naming_7%8, pending tasks: 0


2025-10-18 12:59:30,241 INFO DISTRO:|0|0|0|

2025-10-18 13:00:30,238 INFO PERFORMANCE:|0|0|0|-1|-1|0|0

2025-10-18 13:00:30,239 INFO Task worker status: 
naming_0%8, pending tasks: 0
naming_1%8, pending tasks: 0
naming_2%8, pending tasks: 0
naming_3%8, pending tasks: 0
naming_4%8, pending tasks: 0
naming_5%8, pending tasks: 0
naming_6%8, pending tasks: 0
naming_7%8, pending tasks: 0


2025-10-18 13:00:30,239 INFO DISTRO:|0|0|0|

2025-10-18 13:01:30,237 INFO PERFORMANCE:|0|0|0|-1|-1|0|0

2025-10-18 13:01:30,237 INFO Task worker status: 
naming_0%8, pending tasks: 0
naming_1%8, pending tasks: 0
naming_2%8, pending tasks: 0
naming_3%8, pending tasks: 0
naming_4%8, pending tasks: 0
naming_5%8, pending tasks: 0
naming_6%8, pending tasks: 0
naming_7%8, pending tasks: 0


2025-10-18 13:01:30,238 INFO DISTRO:|0|0|0|

2025-10-18 13:02:30,235 INFO PERFORMANCE:|0|0|0|-1|-1|0|0

2025-10-18 13:02:30,236 INFO Task worker status: 
naming_0%8, pending tasks: 0
naming_1%8, pending tasks: 0
naming_2%8, pending tasks: 0
naming_3%8, pending tasks: 0
naming_4%8, pending tasks: 0
naming_5%8, pending tasks: 0
naming_6%8, pending tasks: 0
naming_7%8, pending tasks: 0


2025-10-18 13:02:30,236 INFO DISTRO:|0|0|0|

2025-10-18 13:03:30,234 INFO PERFORMANCE:|0|0|0|-1|-1|0|0

2025-10-18 13:03:30,234 INFO Task worker status: 
naming_0%8, pending tasks: 0
naming_1%8, pending tasks: 0
naming_2%8, pending tasks: 0
naming_3%8, pending tasks: 0
naming_4%8, pending tasks: 0
naming_5%8, pending tasks: 0
naming_6%8, pending tasks: 0
naming_7%8, pending tasks: 0


2025-10-18 13:03:30,235 INFO DISTRO:|0|0|0|

2025-10-18 13:04:30,233 INFO PERFORMANCE:|0|0|0|-1|-1|0|0

2025-10-18 13:04:30,233 INFO Task worker status: 
naming_0%8, pending tasks: 0
naming_1%8, pending tasks: 0
naming_2%8, pending tasks: 0
naming_3%8, pending tasks: 0
naming_4%8, pending tasks: 0
naming_5%8, pending tasks: 0
naming_6%8, pending tasks: 0
naming_7%8, pending tasks: 0


2025-10-18 13:04:30,234 INFO DISTRO:|0|0|0|

2025-10-18 13:05:30,231 INFO PERFORMANCE:|serviceCount|ipCount|subscribeCount|maxPushCost|avgPushCost|totalPushCount|failPushCount

2025-10-18 13:05:30,232 INFO DISTRO:|V1SyncDone|V1SyncFail|V2SyncDone|V2SyncFail|V2VerifyFail|

2025-10-18 13:05:30,232 INFO PERFORMANCE:|0|0|0|-1|-1|0|0

2025-10-18 13:05:30,232 INFO Task worker status: 
naming_0%8, pending tasks: 0
naming_1%8, pending tasks: 0
naming_2%8, pending tasks: 0
naming_3%8, pending tasks: 0
naming_4%8, pending tasks: 0
naming_5%8, pending tasks: 0
naming_6%8, pending tasks: 0
naming_7%8, pending tasks: 0


2025-10-18 13:05:30,233 INFO DISTRO:|0|0|0|

2025-10-18 13:06:30,231 INFO PERFORMANCE:|0|0|0|-1|-1|0|0

2025-10-18 13:06:30,231 INFO Task worker status: 
naming_0%8, pending tasks: 0
naming_1%8, pending tasks: 0
naming_2%8, pending tasks: 0
naming_3%8, pending tasks: 0
naming_4%8, pending tasks: 0
naming_5%8, pending tasks: 0
naming_6%8, pending tasks: 0
naming_7%8, pending tasks: 0


2025-10-18 13:06:30,231 INFO DISTRO:|0|0|0|

2025-10-18 13:07:30,229 INFO PERFORMANCE:|0|0|0|-1|-1|0|0

2025-10-18 13:07:30,230 INFO Task worker status: 
naming_0%8, pending tasks: 0
naming_1%8, pending tasks: 0
naming_2%8, pending tasks: 0
naming_3%8, pending tasks: 0
naming_4%8, pending tasks: 0
naming_5%8, pending tasks: 0
naming_6%8, pending tasks: 0
naming_7%8, pending tasks: 0


2025-10-18 13:07:30,230 INFO DISTRO:|0|0|0|

2025-10-18 13:08:30,228 INFO PERFORMANCE:|0|0|0|-1|-1|0|0

2025-10-18 13:08:30,228 INFO Task worker status: 
naming_0%8, pending tasks: 0
naming_1%8, pending tasks: 0
naming_2%8, pending tasks: 0
naming_3%8, pending tasks: 0
naming_4%8, pending tasks: 0
naming_5%8, pending tasks: 0
naming_6%8, pending tasks: 0
naming_7%8, pending tasks: 0


2025-10-18 13:08:30,228 INFO DISTRO:|0|0|0|

2025-10-18 13:09:30,227 INFO PERFORMANCE:|0|0|0|-1|-1|0|0

2025-10-18 13:09:30,227 INFO Task worker status: 
naming_0%8, pending tasks: 0
naming_1%8, pending tasks: 0
naming_2%8, pending tasks: 0
naming_3%8, pending tasks: 0
naming_4%8, pending tasks: 0
naming_5%8, pending tasks: 0
naming_6%8, pending tasks: 0
naming_7%8, pending tasks: 0


2025-10-18 13:09:30,228 INFO DISTRO:|0|0|0|

2025-10-18 13:10:30,225 INFO PERFORMANCE:|0|0|0|-1|-1|0|0

2025-10-18 13:10:30,291 INFO Task worker status: 
naming_0%8, pending tasks: 0
naming_1%8, pending tasks: 0
naming_2%8, pending tasks: 0
naming_3%8, pending tasks: 0
naming_4%8, pending tasks: 0
naming_5%8, pending tasks: 0
naming_6%8, pending tasks: 0
naming_7%8, pending tasks: 0


2025-10-18 13:10:30,291 INFO DISTRO:|0|0|0|

2025-10-18 13:11:30,289 INFO PERFORMANCE:|0|0|0|-1|-1|0|0

2025-10-18 13:11:30,290 INFO Task worker status: 
naming_0%8, pending tasks: 0
naming_1%8, pending tasks: 0
naming_2%8, pending tasks: 0
naming_3%8, pending tasks: 0
naming_4%8, pending tasks: 0
naming_5%8, pending tasks: 0
naming_6%8, pending tasks: 0
naming_7%8, pending tasks: 0


2025-10-18 13:11:30,290 INFO DISTRO:|0|0|0|

2025-10-18 13:12:30,288 INFO PERFORMANCE:|0|0|0|-1|-1|0|0

2025-10-18 13:12:30,288 INFO Task worker status: 
naming_0%8, pending tasks: 0
naming_1%8, pending tasks: 0
naming_2%8, pending tasks: 0
naming_3%8, pending tasks: 0
naming_4%8, pending tasks: 0
naming_5%8, pending tasks: 0
naming_6%8, pending tasks: 0
naming_7%8, pending tasks: 0


2025-10-18 13:12:30,289 INFO DISTRO:|0|0|0|

2025-10-18 13:13:30,287 INFO PERFORMANCE:|0|0|0|-1|-1|0|0

2025-10-18 13:13:30,288 INFO Task worker status: 
naming_0%8, pending tasks: 0
naming_1%8, pending tasks: 0
naming_2%8, pending tasks: 0
naming_3%8, pending tasks: 0
naming_4%8, pending tasks: 0
naming_5%8, pending tasks: 0
naming_6%8, pending tasks: 0
naming_7%8, pending tasks: 0


2025-10-18 13:13:30,288 INFO DISTRO:|0|0|0|

2025-10-18 13:14:30,286 INFO PERFORMANCE:|0|0|0|-1|-1|0|0

2025-10-18 13:14:30,286 INFO Task worker status: 
naming_0%8, pending tasks: 0
naming_1%8, pending tasks: 0
naming_2%8, pending tasks: 0
naming_3%8, pending tasks: 0
naming_4%8, pending tasks: 0
naming_5%8, pending tasks: 0
naming_6%8, pending tasks: 0
naming_7%8, pending tasks: 0


2025-10-18 13:14:30,286 INFO DISTRO:|0|0|0|

2025-10-18 13:15:30,284 INFO PERFORMANCE:|serviceCount|ipCount|subscribeCount|maxPushCost|avgPushCost|totalPushCount|failPushCount

2025-10-18 13:15:30,285 INFO DISTRO:|V1SyncDone|V1SyncFail|V2SyncDone|V2SyncFail|V2VerifyFail|

2025-10-18 13:15:30,286 INFO PERFORMANCE:|0|0|0|-1|-1|0|0

2025-10-18 13:15:30,286 INFO Task worker status: 
naming_0%8, pending tasks: 0
naming_1%8, pending tasks: 0
naming_2%8, pending tasks: 0
naming_3%8, pending tasks: 0
naming_4%8, pending tasks: 0
naming_5%8, pending tasks: 0
naming_6%8, pending tasks: 0
naming_7%8, pending tasks: 0


2025-10-18 13:15:30,287 INFO DISTRO:|0|0|0|

2025-10-18 13:16:30,285 INFO PERFORMANCE:|0|0|0|-1|-1|0|0

2025-10-18 13:16:30,285 INFO Task worker status: 
naming_0%8, pending tasks: 0
naming_1%8, pending tasks: 0
naming_2%8, pending tasks: 0
naming_3%8, pending tasks: 0
naming_4%8, pending tasks: 0
naming_5%8, pending tasks: 0
naming_6%8, pending tasks: 0
naming_7%8, pending tasks: 0


2025-10-18 13:16:30,286 INFO DISTRO:|0|0|0|

2025-10-18 13:17:30,284 INFO PERFORMANCE:|0|0|0|-1|-1|0|0

2025-10-18 13:17:30,284 INFO Task worker status: 
naming_0%8, pending tasks: 0
naming_1%8, pending tasks: 0
naming_2%8, pending tasks: 0
naming_3%8, pending tasks: 0
naming_4%8, pending tasks: 0
naming_5%8, pending tasks: 0
naming_6%8, pending tasks: 0
naming_7%8, pending tasks: 0


2025-10-18 13:17:30,285 INFO DISTRO:|0|0|0|

2025-10-18 13:18:30,283 INFO PERFORMANCE:|0|0|0|-1|-1|0|0

2025-10-18 13:18:30,284 INFO Task worker status: 
naming_0%8, pending tasks: 0
naming_1%8, pending tasks: 0
naming_2%8, pending tasks: 0
naming_3%8, pending tasks: 0
naming_4%8, pending tasks: 0
naming_5%8, pending tasks: 0
naming_6%8, pending tasks: 0
naming_7%8, pending tasks: 0


2025-10-18 13:18:30,284 INFO DISTRO:|0|0|0|

2025-10-18 13:19:30,280 INFO PERFORMANCE:|0|0|0|-1|-1|0|0

2025-10-18 13:19:30,283 INFO Task worker status: 
naming_0%8, pending tasks: 0
naming_1%8, pending tasks: 0
naming_2%8, pending tasks: 0
naming_3%8, pending tasks: 0
naming_4%8, pending tasks: 0
naming_5%8, pending tasks: 0
naming_6%8, pending tasks: 0
naming_7%8, pending tasks: 0


2025-10-18 13:19:30,283 INFO DISTRO:|0|0|0|

