2025-10-17 19:46:24,885 INFO Not configure type of control plugin, no limit control for current node.

2025-10-17 19:46:24,889 INFO Load connection metrics collector,size=2,[com.alibaba.nacos.config.server.service.LongPollingConnectionMetricsCollector@451393a9, com.alibaba.nacos.core.remote.LongConnectionMetricsCollector@19dc9dda]

2025-10-17 19:46:24,892 INFO No connection rule content found ,use default empty rule 

2025-10-17 19:46:24,904 INFO No tps control rule of CONFIG_PUSH_COUNT found,content =null  

2025-10-17 19:46:24,905 WARN Tps point for CONFIG_PUSH_COUNT registered, But tps control manager is no limit implementation.

2025-10-17 19:46:24,908 INFO No tps control rule of CONFIG_PUSH_SUCCESS found,content =null  

2025-10-17 19:46:24,909 WARN Tps point for CONFIG_PUSH_SUCCESS registered, But tps control manager is no limit implementation.

2025-10-17 19:46:24,911 INFO No tps control rule of CONFIG_PUSH_FAIL found,content =null  

2025-10-17 19:46:24,911 WARN Tps point for CONFIG_PUSH_FAIL registered, But tps control manager is no limit implementation.

2025-10-17 19:46:29,973 INFO No tps control rule of ConfigListen found,content =null  

2025-10-17 19:46:30,004 WARN Tps point for ConfigListen registered, But tps control manager is no limit implementation.

2025-10-17 19:46:30,132 INFO No tps control rule of ClusterConfigChangeNotify found,content =null  

2025-10-17 19:46:30,133 WARN Tps point for ClusterConfigChangeNotify registered, But tps control manager is no limit implementation.

2025-10-17 19:46:30,159 INFO No tps control rule of ConfigFuzzyWatch found,content =null  

2025-10-17 19:46:30,160 WARN Tps point for ConfigFuzzyWatch registered, But tps control manager is no limit implementation.

2025-10-17 19:46:30,186 INFO No tps control rule of ConfigPublish found,content =null  

2025-10-17 19:46:30,187 WARN Tps point for ConfigPublish registered, But tps control manager is no limit implementation.

2025-10-17 19:46:30,189 INFO No tps control rule of ConfigQuery found,content =null  

2025-10-17 19:46:30,197 WARN Tps point for ConfigQuery registered, But tps control manager is no limit implementation.

2025-10-17 19:46:30,206 INFO No tps control rule of ConfigRemove found,content =null  

2025-10-17 19:46:30,206 WARN Tps point for ConfigRemove registered, But tps control manager is no limit implementation.

2025-10-17 19:46:30,209 INFO No tps control rule of HealthCheck found,content =null  

2025-10-17 19:46:30,215 WARN Tps point for HealthCheck registered, But tps control manager is no limit implementation.

2025-10-17 19:46:30,219 INFO No tps control rule of RemoteNamingInstanceBatchRegister found,content =null  

2025-10-17 19:46:30,219 WARN Tps point for RemoteNamingInstanceBatchRegister registered, But tps control manager is no limit implementation.

2025-10-17 19:46:30,222 INFO No tps control rule of RemoteNamingInstanceRegisterDeregister found,content =null  

2025-10-17 19:46:30,222 WARN Tps point for RemoteNamingInstanceRegisterDeregister registered, But tps control manager is no limit implementation.

2025-10-17 19:46:30,222 WARN Tps point for RemoteNamingInstanceRegisterDeregister registered, But tps control manager is no limit implementation.

2025-10-17 19:46:30,226 INFO No tps control rule of RemoteNamingServiceListQuery found,content =null  

2025-10-17 19:46:30,226 WARN Tps point for RemoteNamingServiceListQuery registered, But tps control manager is no limit implementation.

2025-10-17 19:46:30,235 INFO No tps control rule of RemoteNamingServiceQuery found,content =null  

2025-10-17 19:46:30,235 WARN Tps point for RemoteNamingServiceQuery registered, But tps control manager is no limit implementation.

2025-10-17 19:46:30,260 INFO No tps control rule of RemoteNamingServiceSubscribeUnSubscribe found,content =null  

2025-10-17 19:46:30,264 WARN Tps point for RemoteNamingServiceSubscribeUnSubscribe registered, But tps control manager is no limit implementation.

2025-10-17 19:46:34,890 INFO No tps control rule of NamingServiceQuery found,content =null  

2025-10-17 19:46:34,891 WARN Tps point for NamingServiceQuery registered, But tps control manager is no limit implementation.

2025-10-17 19:46:34,891 WARN Tps point for ConfigPublish registered, But tps control manager is no limit implementation.

2025-10-17 19:46:34,893 INFO No tps control rule of NamingInstanceUpdate found,content =null  

2025-10-17 19:46:34,893 WARN Tps point for NamingInstanceUpdate registered, But tps control manager is no limit implementation.

2025-10-17 19:46:34,895 INFO No tps control rule of HttpHealthCheck found,content =null  

2025-10-17 19:46:34,896 WARN Tps point for HttpHealthCheck registered, But tps control manager is no limit implementation.

2025-10-17 19:46:34,896 WARN Tps point for NamingServiceQuery registered, But tps control manager is no limit implementation.

2025-10-17 19:46:34,898 INFO No tps control rule of NamingInstanceRegister found,content =null  

2025-10-17 19:46:34,898 WARN Tps point for NamingInstanceRegister registered, But tps control manager is no limit implementation.

2025-10-17 19:46:34,898 WARN Tps point for NamingInstanceUpdate registered, But tps control manager is no limit implementation.

2025-10-17 19:46:34,901 INFO No tps control rule of NamingInstanceQuery found,content =null  

2025-10-17 19:46:34,901 WARN Tps point for NamingInstanceQuery registered, But tps control manager is no limit implementation.

2025-10-17 19:46:34,901 WARN Tps point for NamingServiceQuery registered, But tps control manager is no limit implementation.

2025-10-17 19:46:34,903 INFO No tps control rule of NamingServiceListQuery found,content =null  

2025-10-17 19:46:34,903 WARN Tps point for NamingServiceListQuery registered, But tps control manager is no limit implementation.

2025-10-17 19:46:34,905 INFO No tps control rule of NamingInstanceDeregister found,content =null  

2025-10-17 19:46:34,906 WARN Tps point for NamingInstanceDeregister registered, But tps control manager is no limit implementation.

2025-10-17 19:46:34,907 INFO No tps control rule of NamingServiceSubscribe found,content =null  

2025-10-17 19:46:34,908 WARN Tps point for NamingServiceSubscribe registered, But tps control manager is no limit implementation.

2025-10-17 19:46:34,910 INFO No tps control rule of NamingServiceRegister found,content =null  

2025-10-17 19:46:34,910 WARN Tps point for NamingServiceRegister registered, But tps control manager is no limit implementation.

2025-10-17 19:46:34,910 WARN Tps point for NamingServiceSubscribe registered, But tps control manager is no limit implementation.

2025-10-17 19:46:34,914 INFO No tps control rule of NamingServiceUpdate found,content =null  

2025-10-17 19:46:34,914 WARN Tps point for NamingServiceUpdate registered, But tps control manager is no limit implementation.

2025-10-17 19:46:34,915 WARN Tps point for NamingInstanceDeregister registered, But tps control manager is no limit implementation.

2025-10-17 19:46:34,919 INFO No tps control rule of NamingInstanceMetadataUpdate found,content =null  

2025-10-17 19:46:34,919 WARN Tps point for NamingInstanceMetadataUpdate registered, But tps control manager is no limit implementation.

2025-10-17 19:46:34,920 WARN Tps point for HttpHealthCheck registered, But tps control manager is no limit implementation.

2025-10-17 19:46:34,920 WARN Tps point for NamingServiceSubscribe registered, But tps control manager is no limit implementation.

2025-10-17 19:46:34,921 INFO No tps control rule of NamingServiceDeregister found,content =null  

2025-10-17 19:46:34,922 WARN Tps point for NamingServiceDeregister registered, But tps control manager is no limit implementation.

2025-10-17 19:46:34,927 WARN Tps point for NamingInstanceMetadataUpdate registered, But tps control manager is no limit implementation.

2025-10-17 19:46:34,927 WARN Tps point for ConfigQuery registered, But tps control manager is no limit implementation.

2025-10-17 19:46:34,928 WARN Tps point for NamingServiceRegister registered, But tps control manager is no limit implementation.

2025-10-17 19:46:34,929 WARN Tps point for NamingServiceListQuery registered, But tps control manager is no limit implementation.

2025-10-17 19:46:34,929 WARN Tps point for ConfigPublish registered, But tps control manager is no limit implementation.

2025-10-17 19:46:34,929 WARN Tps point for NamingServiceUpdate registered, But tps control manager is no limit implementation.

2025-10-17 19:46:34,930 WARN Tps point for NamingInstanceRegister registered, But tps control manager is no limit implementation.

2025-10-17 19:46:34,930 WARN Tps point for NamingInstanceUpdate registered, But tps control manager is no limit implementation.

2025-10-17 19:46:34,930 WARN Tps point for NamingInstanceMetadataUpdate registered, But tps control manager is no limit implementation.

2025-10-17 19:46:34,931 WARN Tps point for NamingServiceDeregister registered, But tps control manager is no limit implementation.

2025-10-17 19:46:34,931 WARN Tps point for NamingInstanceMetadataUpdate registered, But tps control manager is no limit implementation.

2025-10-17 19:46:34,932 WARN Tps point for NamingServiceRegister registered, But tps control manager is no limit implementation.

2025-10-17 19:46:34,932 WARN Tps point for NamingInstanceQuery registered, But tps control manager is no limit implementation.

2025-10-17 19:46:34,933 WARN Tps point for NamingServiceUpdate registered, But tps control manager is no limit implementation.

2025-10-17 19:46:34,933 WARN Tps point for NamingInstanceMetadataUpdate registered, But tps control manager is no limit implementation.

2025-10-17 19:46:34,933 WARN Tps point for NamingInstanceDeregister registered, But tps control manager is no limit implementation.

2025-10-17 19:46:34,933 WARN Tps point for NamingServiceListQuery registered, But tps control manager is no limit implementation.

2025-10-17 19:46:34,934 WARN Tps point for NamingServiceSubscribe registered, But tps control manager is no limit implementation.

2025-10-17 19:46:34,934 WARN Tps point for ConfigQuery registered, But tps control manager is no limit implementation.

2025-10-17 19:46:34,934 WARN Tps point for NamingServiceDeregister registered, But tps control manager is no limit implementation.

2025-10-17 19:46:34,935 WARN Tps point for NamingInstanceRegister registered, But tps control manager is no limit implementation.

2025-10-17 19:46:34,935 WARN Tps point for NamingInstanceMetadataUpdate registered, But tps control manager is no limit implementation.

2025-10-17 19:46:34,935 WARN Tps point for ConfigQuery registered, But tps control manager is no limit implementation.

2025-10-17 19:46:34,935 WARN Tps point for NamingInstanceQuery registered, But tps control manager is no limit implementation.

2025-10-17 19:46:34,936 WARN Tps point for NamingInstanceDeregister registered, But tps control manager is no limit implementation.

2025-10-17 19:46:34,936 WARN Tps point for NamingInstanceRegister registered, But tps control manager is no limit implementation.

